Exporter version: 5.6.4, Blender version: 2.79 (sub 0)
========= Conversion from Blender to Babylon.js =========
	Scene settings used :
		export scope        :  ALL
		inline textures     :  false
		Positions Precision :  4
		Normals Precision   :  3
		UVs Precision       :  3
		Vert Color Precision:  3
		Mat Weight Precision:  2
		texture directory   :  /home/vikas/babylon/
	Python World class constructor completed
	processing begun of mesh:  Cylinder001
		processing begun of Standard material:  01___Default
		num positions      :  684
		num normals        :  684
		num uvs            :  1368
		num uvs2           :  0
		num colors         :  0
		num indices        :  1200
	processing begun of camera (UniversalCamera):  Camera
	processing begun of light (POINT):  Lamp
========= Writing of scene file started =========
========= Writing of scene file completed =========
========= end of processing =========
elapsed time:  0 min, 0.0555 secs
